{"level":"info","message":"Socket.io server initialized","service":"hospital-backend","timestamp":"2026-03-10 11:38:47"}
{"level":"info","message":"Alert cron jobs initialized","service":"hospital-backend","timestamp":"2026-03-10 11:38:48"}
{"level":"info","message":"🚀 Server running in development mode on port 5000","service":"hospital-backend","timestamp":"2026-03-10 11:38:48"}
{"level":"info","message":"📊 Health check: http://localhost:5000/health","service":"hospital-backend","timestamp":"2026-03-10 11:38:48"}
{"level":"info","message":"🔌 Socket.io server initialized","service":"hospital-backend","timestamp":"2026-03-10 11:38:48"}
{"level":"info","message":"Running threshold check cron job","service":"hospital-backend","timestamp":"2026-03-10 11:40:00"}
{"level":"info","message":"Broadcasted alert: ICU Beds Threshold Alert (Priority: CRITICAL)","service":"hospital-backend","timestamp":"2026-03-10 11:40:00"}
{"level":"info","message":"Alert created: ICU Beds Threshold Alert (CRITICAL)","service":"hospital-backend","timestamp":"2026-03-10 11:40:00"}
{"clientVersion":"5.22.0","level":"error","message":"Get resource stats error: \nInvalid `prisma.equipment.groupBy()` invocation in\nC:\\Users\\Owner\\Desktop\\hospital resource tracking\\hospital-backend\\src\\modules\\alerts\\alert.service.js:270:46\n\n  267     return acc;\n  268   }, {});\n  269 } else if (resourceType === 'equipment') {\n→ 270   const stats = await prisma.equipment.groupBy({\n          select: {\n            _count: {\n              select: {\n                id: true\n              }\n            },\n            status: true\n          },\n          by: [\n            \"status\"\n          ],\n          where: {\n            department: \"Ventilator\",\n                        ~~~~~~~~~~~~\n            type: {\n              contains: \"Ventilator\",\n              mode: \"insensitive\"\n            }\n          }\n        })\n\nInvalid value for argument `department`. Expected Department.","name":"PrismaClientValidationError","service":"hospital-backend","stack":"PrismaClientValidationError: \nInvalid `prisma.equipment.groupBy()` invocation in\nC:\\Users\\Owner\\Desktop\\hospital resource tracking\\hospital-backend\\src\\modules\\alerts\\alert.service.js:270:46\n\n  267     return acc;\n  268   }, {});\n  269 } else if (resourceType === 'equipment') {\n→ 270   const stats = await prisma.equipment.groupBy({\n          select: {\n            _count: {\n              select: {\n                id: true\n              }\n            },\n            status: true\n          },\n          by: [\n            \"status\"\n          ],\n          where: {\n            department: \"Ventilator\",\n                        ~~~~~~~~~~~~\n            type: {\n              contains: \"Ventilator\",\n              mode: \"insensitive\"\n            }\n          }\n        })\n\nInvalid value for argument `department`. Expected Department.\n    at wn (C:\\Users\\Owner\\Desktop\\hospital resource tracking\\hospital-backend\\node_modules\\@prisma\\client\\runtime\\library.js:29:1363)\n    at $n.handleRequestError (C:\\Users\\Owner\\Desktop\\hospital resource tracking\\hospital-backend\\node_modules\\@prisma\\client\\runtime\\library.js:121:6958)\n    at $n.handleAndLogRequestError (C:\\Users\\Owner\\Desktop\\hospital resource tracking\\hospital-backend\\node_modules\\@prisma\\client\\runtime\\library.js:121:6623)\n    at $n.request (C:\\Users\\Owner\\Desktop\\hospital resource tracking\\hospital-backend\\node_modules\\@prisma\\client\\runtime\\library.js:121:6307)\n    at async l (C:\\Users\\Owner\\Desktop\\hospital resource tracking\\hospital-backend\\node_modules\\@prisma\\client\\runtime\\library.js:130:9633)\n    at async AlertService.getResourceStats (C:\\Users\\Owner\\Desktop\\hospital resource tracking\\hospital-backend\\src\\modules\\alerts\\alert.service.js:270:23)\n    at async AlertService.checkThresholds (C:\\Users\\Owner\\Desktop\\hospital resource tracking\\hospital-backend\\src\\modules\\alerts\\alert.service.js:202:31)\n    at async Task._execution (C:\\Users\\Owner\\Desktop\\hospital resource tracking\\hospital-backend\\src\\modules\\alerts\\alert.cron.js:11:9)","timestamp":"2026-03-10 11:40:00"}
{"level":"info","message":"Broadcasted alert: Ventilators Threshold Alert (Priority: CRITICAL)","service":"hospital-backend","timestamp":"2026-03-10 11:40:00"}
{"level":"info","message":"Alert created: Ventilators Threshold Alert (CRITICAL)","service":"hospital-backend","timestamp":"2026-03-10 11:40:00"}
{"level":"info","message":"Broadcasted alert: General Beds Threshold Alert (Priority: CRITICAL)","service":"hospital-backend","timestamp":"2026-03-10 11:40:00"}
{"level":"info","message":"Alert created: General Beds Threshold Alert (CRITICAL)","service":"hospital-backend","timestamp":"2026-03-10 11:40:00"}
{"level":"info","message":"Threshold checks completed","service":"hospital-backend","timestamp":"2026-03-10 11:40:00"}
{"level":"info","message":"Running threshold check cron job","service":"hospital-backend","timestamp":"2026-03-10 11:45:00"}
{"level":"info","message":"Broadcasted alert: ICU Beds Threshold Alert (Priority: CRITICAL)","service":"hospital-backend","timestamp":"2026-03-10 11:45:01"}
{"level":"info","message":"Alert created: ICU Beds Threshold Alert (CRITICAL)","service":"hospital-backend","timestamp":"2026-03-10 11:45:01"}
{"clientVersion":"5.22.0","level":"error","message":"Get resource stats error: \nInvalid `prisma.equipment.groupBy()` invocation in\nC:\\Users\\Owner\\Desktop\\hospital resource tracking\\hospital-backend\\src\\modules\\alerts\\alert.service.js:270:46\n\n  267     return acc;\n  268   }, {});\n  269 } else if (resourceType === 'equipment') {\n→ 270   const stats = await prisma.equipment.groupBy({\n          select: {\n            _count: {\n              select: {\n                id: true\n              }\n            },\n            status: true\n          },\n          by: [\n            \"status\"\n          ],\n          where: {\n            department: \"Ventilator\",\n                        ~~~~~~~~~~~~\n            type: {\n              contains: \"Ventilator\",\n              mode: \"insensitive\"\n            }\n          }\n        })\n\nInvalid value for argument `department`. Expected Department.","name":"PrismaClientValidationError","service":"hospital-backend","stack":"PrismaClientValidationError: \nInvalid `prisma.equipment.groupBy()` invocation in\nC:\\Users\\Owner\\Desktop\\hospital resource tracking\\hospital-backend\\src\\modules\\alerts\\alert.service.js:270:46\n\n  267     return acc;\n  268   }, {});\n  269 } else if (resourceType === 'equipment') {\n→ 270   const stats = await prisma.equipment.groupBy({\n          select: {\n            _count: {\n              select: {\n                id: true\n              }\n            },\n            status: true\n          },\n          by: [\n            \"status\"\n          ],\n          where: {\n            department: \"Ventilator\",\n                        ~~~~~~~~~~~~\n            type: {\n              contains: \"Ventilator\",\n              mode: \"insensitive\"\n            }\n          }\n        })\n\nInvalid value for argument `department`. Expected Department.\n    at wn (C:\\Users\\Owner\\Desktop\\hospital resource tracking\\hospital-backend\\node_modules\\@prisma\\client\\runtime\\library.js:29:1363)\n    at $n.handleRequestError (C:\\Users\\Owner\\Desktop\\hospital resource tracking\\hospital-backend\\node_modules\\@prisma\\client\\runtime\\library.js:121:6958)\n    at $n.handleAndLogRequestError (C:\\Users\\Owner\\Desktop\\hospital resource tracking\\hospital-backend\\node_modules\\@prisma\\client\\runtime\\library.js:121:6623)\n    at $n.request (C:\\Users\\Owner\\Desktop\\hospital resource tracking\\hospital-backend\\node_modules\\@prisma\\client\\runtime\\library.js:121:6307)\n    at async l (C:\\Users\\Owner\\Desktop\\hospital resource tracking\\hospital-backend\\node_modules\\@prisma\\client\\runtime\\library.js:130:9633)\n    at async AlertService.getResourceStats (C:\\Users\\Owner\\Desktop\\hospital resource tracking\\hospital-backend\\src\\modules\\alerts\\alert.service.js:270:23)\n    at async AlertService.checkThresholds (C:\\Users\\Owner\\Desktop\\hospital resource tracking\\hospital-backend\\src\\modules\\alerts\\alert.service.js:202:31)\n    at async Task._execution (C:\\Users\\Owner\\Desktop\\hospital resource tracking\\hospital-backend\\src\\modules\\alerts\\alert.cron.js:11:9)","timestamp":"2026-03-10 11:45:01"}
{"level":"info","message":"Broadcasted alert: Ventilators Threshold Alert (Priority: CRITICAL)","service":"hospital-backend","timestamp":"2026-03-10 11:45:01"}
{"level":"info","message":"Alert created: Ventilators Threshold Alert (CRITICAL)","service":"hospital-backend","timestamp":"2026-03-10 11:45:01"}
{"level":"info","message":"Broadcasted alert: General Beds Threshold Alert (Priority: CRITICAL)","service":"hospital-backend","timestamp":"2026-03-10 11:45:01"}
{"level":"info","message":"Alert created: General Beds Threshold Alert (CRITICAL)","service":"hospital-backend","timestamp":"2026-03-10 11:45:01"}
{"level":"info","message":"Threshold checks completed","service":"hospital-backend","timestamp":"2026-03-10 11:45:01"}
{"level":"info","message":"Running threshold check cron job","service":"hospital-backend","timestamp":"2026-03-10 11:50:00"}
{"level":"info","message":"Broadcasted alert: ICU Beds Threshold Alert (Priority: CRITICAL)","service":"hospital-backend","timestamp":"2026-03-10 11:50:00"}
{"level":"info","message":"Alert created: ICU Beds Threshold Alert (CRITICAL)","service":"hospital-backend","timestamp":"2026-03-10 11:50:00"}
{"clientVersion":"5.22.0","level":"error","message":"Get resource stats error: \nInvalid `prisma.equipment.groupBy()` invocation in\nC:\\Users\\Owner\\Desktop\\hospital resource tracking\\hospital-backend\\src\\modules\\alerts\\alert.service.js:270:46\n\n  267     return acc;\n  268   }, {});\n  269 } else if (resourceType === 'equipment') {\n→ 270   const stats = await prisma.equipment.groupBy({\n          select: {\n            _count: {\n              select: {\n                id: true\n              }\n            },\n            status: true\n          },\n          by: [\n            \"status\"\n          ],\n          where: {\n            department: \"Ventilator\",\n                        ~~~~~~~~~~~~\n            type: {\n              contains: \"Ventilator\",\n              mode: \"insensitive\"\n            }\n          }\n        })\n\nInvalid value for argument `department`. Expected Department.","name":"PrismaClientValidationError","service":"hospital-backend","stack":"PrismaClientValidationError: \nInvalid `prisma.equipment.groupBy()` invocation in\nC:\\Users\\Owner\\Desktop\\hospital resource tracking\\hospital-backend\\src\\modules\\alerts\\alert.service.js:270:46\n\n  267     return acc;\n  268   }, {});\n  269 } else if (resourceType === 'equipment') {\n→ 270   const stats = await prisma.equipment.groupBy({\n          select: {\n            _count: {\n              select: {\n                id: true\n              }\n            },\n            status: true\n          },\n          by: [\n            \"status\"\n          ],\n          where: {\n            department: \"Ventilator\",\n                        ~~~~~~~~~~~~\n            type: {\n              contains: \"Ventilator\",\n              mode: \"insensitive\"\n            }\n          }\n        })\n\nInvalid value for argument `department`. Expected Department.\n    at wn (C:\\Users\\Owner\\Desktop\\hospital resource tracking\\hospital-backend\\node_modules\\@prisma\\client\\runtime\\library.js:29:1363)\n    at $n.handleRequestError (C:\\Users\\Owner\\Desktop\\hospital resource tracking\\hospital-backend\\node_modules\\@prisma\\client\\runtime\\library.js:121:6958)\n    at $n.handleAndLogRequestError (C:\\Users\\Owner\\Desktop\\hospital resource tracking\\hospital-backend\\node_modules\\@prisma\\client\\runtime\\library.js:121:6623)\n    at $n.request (C:\\Users\\Owner\\Desktop\\hospital resource tracking\\hospital-backend\\node_modules\\@prisma\\client\\runtime\\library.js:121:6307)\n    at async l (C:\\Users\\Owner\\Desktop\\hospital resource tracking\\hospital-backend\\node_modules\\@prisma\\client\\runtime\\library.js:130:9633)\n    at async AlertService.getResourceStats (C:\\Users\\Owner\\Desktop\\hospital resource tracking\\hospital-backend\\src\\modules\\alerts\\alert.service.js:270:23)\n    at async AlertService.checkThresholds (C:\\Users\\Owner\\Desktop\\hospital resource tracking\\hospital-backend\\src\\modules\\alerts\\alert.service.js:202:31)\n    at async Task._execution (C:\\Users\\Owner\\Desktop\\hospital resource tracking\\hospital-backend\\src\\modules\\alerts\\alert.cron.js:11:9)","timestamp":"2026-03-10 11:50:00"}
{"level":"info","message":"Broadcasted alert: Ventilators Threshold Alert (Priority: CRITICAL)","service":"hospital-backend","timestamp":"2026-03-10 11:50:00"}
{"level":"info","message":"Alert created: Ventilators Threshold Alert (CRITICAL)","service":"hospital-backend","timestamp":"2026-03-10 11:50:00"}
{"level":"info","message":"Broadcasted alert: General Beds Threshold Alert (Priority: CRITICAL)","service":"hospital-backend","timestamp":"2026-03-10 11:50:00"}
{"level":"info","message":"Alert created: General Beds Threshold Alert (CRITICAL)","service":"hospital-backend","timestamp":"2026-03-10 11:50:00"}
{"level":"info","message":"Threshold checks completed","service":"hospital-backend","timestamp":"2026-03-10 11:50:00"}
{"level":"info","message":"Socket.io server initialized","service":"hospital-backend","timestamp":"2026-03-10 11:52:20"}
{"level":"info","message":"Alert cron jobs initialized","service":"hospital-backend","timestamp":"2026-03-10 11:52:20"}
{"level":"info","message":"🚀 Server running in development mode on port 5000","service":"hospital-backend","timestamp":"2026-03-10 11:52:20"}
{"level":"info","message":"📊 Health check: http://localhost:5000/health","service":"hospital-backend","timestamp":"2026-03-10 11:52:20"}
{"level":"info","message":"🔌 Socket.io server initialized","service":"hospital-backend","timestamp":"2026-03-10 11:52:20"}
{"level":"info","message":"Running threshold check cron job","service":"hospital-backend","timestamp":"2026-03-10 11:55:00"}
{"level":"info","message":"Broadcasted alert: ICU Beds Threshold Alert (Priority: CRITICAL)","service":"hospital-backend","timestamp":"2026-03-10 11:55:00"}
{"level":"info","message":"Alert created: ICU Beds Threshold Alert (CRITICAL)","service":"hospital-backend","timestamp":"2026-03-10 11:55:00"}
{"level":"info","message":"Broadcasted alert: Ventilators Threshold Alert (Priority: CRITICAL)","service":"hospital-backend","timestamp":"2026-03-10 11:55:00"}
{"level":"info","message":"Alert created: Ventilators Threshold Alert (CRITICAL)","service":"hospital-backend","timestamp":"2026-03-10 11:55:00"}
{"level":"info","message":"Broadcasted alert: General Beds Threshold Alert (Priority: CRITICAL)","service":"hospital-backend","timestamp":"2026-03-10 11:55:00"}
{"level":"info","message":"Alert created: General Beds Threshold Alert (CRITICAL)","service":"hospital-backend","timestamp":"2026-03-10 11:55:00"}
{"level":"info","message":"Threshold checks completed","service":"hospital-backend","timestamp":"2026-03-10 11:55:00"}
{"level":"info","message":"Socket.io server initialized","service":"hospital-backend","timestamp":"2026-03-10 11:56:14"}
{"level":"info","message":"Alert cron jobs initialized","service":"hospital-backend","timestamp":"2026-03-10 11:56:14"}
{"level":"info","message":"🚀 Server running in development mode on port 5000","service":"hospital-backend","timestamp":"2026-03-10 11:56:14"}
{"level":"info","message":"📊 Health check: http://localhost:5000/health","service":"hospital-backend","timestamp":"2026-03-10 11:56:14"}
{"level":"info","message":"🔌 Socket.io server initialized","service":"hospital-backend","timestamp":"2026-03-10 11:56:14"}
{"level":"info","message":"Running threshold check cron job","service":"hospital-backend","timestamp":"2026-03-10 12:00:00"}
{"level":"info","message":"Running maintenance reminder check","service":"hospital-backend","timestamp":"2026-03-10 12:00:00"}
{"level":"info","message":"Broadcasted alert: ICU Beds Threshold Alert (Priority: CRITICAL)","service":"hospital-backend","timestamp":"2026-03-10 12:00:00"}
{"level":"info","message":"Alert created: ICU Beds Threshold Alert (CRITICAL)","service":"hospital-backend","timestamp":"2026-03-10 12:00:00"}
{"level":"info","message":"Broadcasted alert: Ventilators Threshold Alert (Priority: CRITICAL)","service":"hospital-backend","timestamp":"2026-03-10 12:00:00"}
{"level":"info","message":"Alert created: Ventilators Threshold Alert (CRITICAL)","service":"hospital-backend","timestamp":"2026-03-10 12:00:00"}
{"level":"info","message":"Broadcasted alert: General Beds Threshold Alert (Priority: CRITICAL)","service":"hospital-backend","timestamp":"2026-03-10 12:00:00"}
{"level":"info","message":"Alert created: General Beds Threshold Alert (CRITICAL)","service":"hospital-backend","timestamp":"2026-03-10 12:00:00"}
{"level":"info","message":"Threshold checks completed","service":"hospital-backend","timestamp":"2026-03-10 12:00:00"}
{"level":"info","message":"Checked maintenance reminders: 0 urgent, 0 total","service":"hospital-backend","timestamp":"2026-03-10 12:00:00"}
{"level":"info","message":"Running threshold check cron job","service":"hospital-backend","timestamp":"2026-03-10 12:05:00"}
{"level":"info","message":"Broadcasted alert: ICU Beds Threshold Alert (Priority: CRITICAL)","service":"hospital-backend","timestamp":"2026-03-10 12:05:00"}
{"level":"info","message":"Alert created: ICU Beds Threshold Alert (CRITICAL)","service":"hospital-backend","timestamp":"2026-03-10 12:05:00"}
{"level":"info","message":"Broadcasted alert: Ventilators Threshold Alert (Priority: CRITICAL)","service":"hospital-backend","timestamp":"2026-03-10 12:05:00"}
{"level":"info","message":"Alert created: Ventilators Threshold Alert (CRITICAL)","service":"hospital-backend","timestamp":"2026-03-10 12:05:00"}
{"level":"info","message":"Broadcasted alert: General Beds Threshold Alert (Priority: CRITICAL)","service":"hospital-backend","timestamp":"2026-03-10 12:05:00"}
{"level":"info","message":"Alert created: General Beds Threshold Alert (CRITICAL)","service":"hospital-backend","timestamp":"2026-03-10 12:05:00"}
{"level":"info","message":"Threshold checks completed","service":"hospital-backend","timestamp":"2026-03-10 12:05:00"}
{"level":"info","message":"Socket.io server initialized","service":"hospital-backend","timestamp":"2026-03-10 12:08:16"}
{"level":"info","message":"Alert cron jobs initialized","service":"hospital-backend","timestamp":"2026-03-10 12:08:16"}
{"level":"info","message":"🚀 Server running in development mode on port 5000","service":"hospital-backend","timestamp":"2026-03-10 12:08:16"}
{"level":"info","message":"📊 Health check: http://localhost:5000/health","service":"hospital-backend","timestamp":"2026-03-10 12:08:16"}
{"level":"info","message":"🔌 Socket.io server initialized","service":"hospital-backend","timestamp":"2026-03-10 12:08:16"}
{"level":"info","message":"Socket.io server initialized","service":"hospital-backend","timestamp":"2026-03-10 12:08:55"}
{"level":"info","message":"Alert cron jobs initialized","service":"hospital-backend","timestamp":"2026-03-10 12:08:56"}
{"level":"info","message":"🚀 Server running in development mode on port 5000","service":"hospital-backend","timestamp":"2026-03-10 12:08:56"}
{"level":"info","message":"📊 Health check: http://localhost:5000/health","service":"hospital-backend","timestamp":"2026-03-10 12:08:56"}
{"level":"info","message":"🔌 Socket.io server initialized","service":"hospital-backend","timestamp":"2026-03-10 12:08:56"}
{"level":"info","message":"Received SIGINT. Starting graceful shutdown...","service":"hospital-backend","timestamp":"2026-03-10 12:09:49"}
{"level":"info","message":"Socket.io server initialized","service":"hospital-backend","timestamp":"2026-03-10 12:18:44"}
{"level":"info","message":"Alert cron jobs initialized","service":"hospital-backend","timestamp":"2026-03-10 12:18:44"}
{"level":"info","message":"🚀 Server running in development mode on port 5000","service":"hospital-backend","timestamp":"2026-03-10 12:18:44"}
{"level":"info","message":"📊 Health check: http://localhost:5000/health","service":"hospital-backend","timestamp":"2026-03-10 12:18:44"}
{"level":"info","message":"🔌 Socket.io server initialized","service":"hospital-backend","timestamp":"2026-03-10 12:18:44"}
{"level":"info","message":"Running threshold check cron job","service":"hospital-backend","timestamp":"2026-03-10 12:20:00"}
{"level":"info","message":"Threshold checks completed","service":"hospital-backend","timestamp":"2026-03-10 12:20:00"}
{"level":"info","message":"Running threshold check cron job","service":"hospital-backend","timestamp":"2026-03-10 12:25:00"}
{"level":"info","message":"Threshold checks completed","service":"hospital-backend","timestamp":"2026-03-10 12:25:00"}
{"level":"info","message":"Running threshold check cron job","service":"hospital-backend","timestamp":"2026-03-10 12:30:00"}
{"level":"info","message":"Threshold checks completed","service":"hospital-backend","timestamp":"2026-03-10 12:30:01"}
{"level":"info","message":"Running threshold check cron job","service":"hospital-backend","timestamp":"2026-03-10 12:35:00"}
{"level":"info","message":"Threshold checks completed","service":"hospital-backend","timestamp":"2026-03-10 12:35:00"}
{"level":"info","message":"Received SIGINT. Starting graceful shutdown...","service":"hospital-backend","timestamp":"2026-03-10 12:35:16"}
